<?xml version="1.0" encoding="UTF-8"?>
<!-- Generated by org.testng.reporters.JUnitReportReporter -->
<testsuite hostname="e76f6de874a2" failures="0" tests="9" name="org.example.tests.vendorportal.VendorPortalTest" time="18.838" errors="0" timestamp="2024-10-03T04:31:41 GMT" skipped="0">
  <testcase classname="org.example.tests.vendorportal.VendorPortalTest" name="logoutTest" time="1.536"/>
  <testcase classname="org.example.tests.vendorportal.VendorPortalTest" name="loginTest" time="2.600"/>
  <testcase classname="org.example.tests.vendorportal.VendorPortalTest" name="logoutTest" time="1.028"/>
  <testcase classname="org.example.tests.vendorportal.VendorPortalTest" name="loginTest" time="2.603"/>
  <testcase classname="org.example.tests.vendorportal.VendorPortalTest" name="dashboardTest" time="2.926"/>
  <testcase classname="org.example.tests.vendorportal.VendorPortalTest" name="logoutTest" time="1.433"/>
  <testcase classname="org.example.tests.vendorportal.VendorPortalTest" name="dashboardTest" time="2.176"/>
  <testcase classname="org.example.tests.vendorportal.VendorPortalTest" name="loginTest" time="2.599"/>
  <testcase classname="org.example.tests.vendorportal.VendorPortalTest" name="dashboardTest" time="1.937"/>
</testsuite> <!-- org.example.tests.vendorportal.VendorPortalTest -->
