<?xml version="1.0" encoding="UTF-8"?>
<!-- Generated by org.testng.reporters.JUnitReportReporter -->
<testsuite hostname="7bf820bb3e75" failures="0" tests="20" name="org.example.tests.flightreservation.FlightReservationTest" time="32.717" errors="0" timestamp="2024-10-03T04:31:49 GMT" skipped="0">
  <testcase classname="org.example.tests.flightreservation.FlightReservationTest" name="flightsSelectionTest" time="1.234"/>
  <testcase classname="org.example.tests.flightreservation.FlightReservationTest" name="registrationConfirmationTest" time="1.687"/>
  <testcase classname="org.example.tests.flightreservation.FlightReservationTest" name="userRegistrationTest" time="2.852"/>
  <testcase classname="org.example.tests.flightreservation.FlightReservationTest" name="flightsSearchTest" time="1.184"/>
  <testcase classname="org.example.tests.flightreservation.FlightReservationTest" name="userRegistrationTest" time="2.225"/>
  <testcase classname="org.example.tests.flightreservation.FlightReservationTest" name="flightsSearchTest" time="2.578"/>
  <testcase classname="org.example.tests.flightreservation.FlightReservationTest" name="userRegistrationTest" time="2.215"/>
  <testcase classname="org.example.tests.flightreservation.FlightReservationTest" name="registrationConfirmationTest" time="1.686"/>
  <testcase classname="org.example.tests.flightreservation.FlightReservationTest" name="flightsSelectionTest" time="1.786"/>
  <testcase classname="org.example.tests.flightreservation.FlightReservationTest" name="flightReservationConfirmationTest" time="1.699"/>
  <testcase classname="org.example.tests.flightreservation.FlightReservationTest" name="userRegistrationTest" time="2.846"/>
  <testcase classname="org.example.tests.flightreservation.FlightReservationTest" name="flightsSearchTest" time="2.568"/>
  <testcase classname="org.example.tests.flightreservation.FlightReservationTest" name="registrationConfirmationTest" time="0.224"/>
  <testcase classname="org.example.tests.flightreservation.FlightReservationTest" name="registrationConfirmationTest" time="1.733"/>
  <testcase classname="org.example.tests.flightreservation.FlightReservationTest" name="flightsSelectionTest" time="0.738"/>
  <testcase classname="org.example.tests.flightreservation.FlightReservationTest" name="flightsSearchTest" time="0.363"/>
  <testcase classname="org.example.tests.flightreservation.FlightReservationTest" name="flightsSelectionTest" time="1.227"/>
  <testcase classname="org.example.tests.flightreservation.FlightReservationTest" name="flightReservationConfirmationTest" time="1.113"/>
  <testcase classname="org.example.tests.flightreservation.FlightReservationTest" name="flightReservationConfirmationTest" time="1.630"/>
  <testcase classname="org.example.tests.flightreservation.FlightReservationTest" name="flightReservationConfirmationTest" time="1.129"/>
</testsuite> <!-- org.example.tests.flightreservation.FlightReservationTest -->
